
Status: FAILED!
Check: 1
Test: Correct variable values printed to screen
Reason: Unable to find '['(125)(?!\\d)', '(28)(?!\\d)', '(\\-25)(?!\\d)', '(42)(?!\\d)']' in the program's output.
125.
Error : AssertionError - Unable to find (28)(?!\d) in the program's output.
Timestamp: 2024-09-15 20:51:07.932215
